{"D:\\Projects\\Node projects\\URL Shortner\\url-shortner\\.aws-sam\\build\\ShortenUrlFunction\\src\\handlers\\short-url.mts": {"path":"D:\\Projects\\Node projects\\URL Shortner\\url-shortner\\.aws-sam\\build\\ShortenUrlFunction\\src\\handlers\\short-url.mts","statementMap":{"0":{"start":{"line":5,"column":12},"end":{"line":5,"column":31}},"1":{"start":{"line":6,"column":18},"end":{"line":6,"column":61}},"2":{"start":{"line":7,"column":18},"end":{"line":7,"column":40}},"3":{"start":{"line":8,"column":23},"end":{"line":76,"column":1}},"4":{"start":{"line":11,"column":39},"end":{"line":11,"column":44}},"5":{"start":{"line":12,"column":15},"end":{"line":12,"column":24}},"6":{"start":{"line":13,"column":4},"end":{"line":38,"column":6}},"7":{"start":{"line":14,"column":28},"end":{"line":14,"column":52}},"8":{"start":{"line":15,"column":8},"end":{"line":20,"column":9}},"9":{"start":{"line":16,"column":12},"end":{"line":19,"column":14}},"10":{"start":{"line":21,"column":4},"end":{"line":38,"column":5}},"11":{"start":{"line":22,"column":8},"end":{"line":28,"column":12}},"12":{"start":{"line":29,"column":8},"end":{"line":32,"column":10}},"13":{"start":{"line":34,"column":8},"end":{"line":37,"column":10}},"14":{"start":{"line":39,"column":4},"end":{"line":71,"column":5}},"15":{"start":{"line":40,"column":24},"end":{"line":40,"column":53}},"16":{"start":{"line":41,"column":8},"end":{"line":46,"column":9}},"17":{"start":{"line":42,"column":12},"end":{"line":45,"column":14}},"18":{"start":{"line":47,"column":8},"end":{"line":70,"column":9}},"19":{"start":{"line":48,"column":27},"end":{"line":52,"column":null}},"20":{"start":{"line":54,"column":12},"end":{"line":59,"column":13}},"21":{"start":{"line":55,"column":16},"end":{"line":58,"column":18}},"22":{"start":{"line":60,"column":12},"end":{"line":64,"column":16}},"23":{"start":{"line":66,"column":12},"end":{"line":69,"column":14}},"24":{"start":{"line":72,"column":4},"end":{"line":75,"column":8}}},"fnMap":{"0":{"name":"(anonymous_0)","decl":{"start":{"line":8,"column":23},"end":{"line":8,"column":28}},"loc":{"start":{"line":10,"column":36},"end":{"line":76,"column":1}}}},"branchMap":{"0":{"loc":{"start":{"line":13,"column":4},"end":{"line":38,"column":6}},"type":"if","locations":[{"start":{"line":13,"column":4},"end":{"line":38,"column":6}}]},"1":{"loc":{"start":{"line":13,"column":8},"end":{"line":13,"column":52}},"type":"binary-expr","locations":[{"start":{"line":13,"column":8},"end":{"line":13,"column":29}},{"start":{"line":13,"column":33},"end":{"line":13,"column":52}}]},"2":{"loc":{"start":{"line":14,"column":39},"end":{"line":14,"column":51}},"type":"binary-expr","locations":[{"start":{"line":14,"column":39},"end":{"line":14,"column":43}},{"start":{"line":14,"column":47},"end":{"line":14,"column":51}}]},"3":{"loc":{"start":{"line":15,"column":8},"end":{"line":20,"column":9}},"type":"if","locations":[{"start":{"line":15,"column":8},"end":{"line":20,"column":9}}]},"4":{"loc":{"start":{"line":39,"column":4},"end":{"line":71,"column":5}},"type":"if","locations":[{"start":{"line":39,"column":4},"end":{"line":71,"column":5}}]},"5":{"loc":{"start":{"line":41,"column":8},"end":{"line":46,"column":9}},"type":"if","locations":[{"start":{"line":41,"column":8},"end":{"line":46,"column":9}}]},"6":{"loc":{"start":{"line":54,"column":12},"end":{"line":59,"column":13}},"type":"if","locations":[{"start":{"line":54,"column":12},"end":{"line":59,"column":13}}]}},"s":{"0":2,"1":2,"2":2,"3":2,"4":7,"5":7,"6":7,"7":3,"8":3,"9":1,"10":2,"11":2,"12":1,"13":2,"14":4,"15":4,"16":4,"17":1,"18":3,"19":3,"20":2,"21":1,"22":1,"23":1,"24":0},"f":{"0":7},"b":{"0":[3],"1":[7,3],"2":[3,1],"3":[1],"4":[4],"5":[1],"6":[1]}}
,"D:\\Projects\\Node projects\\URL Shortner\\url-shortner\\src\\handlers\\redirect-url.mts": {"path":"D:\\Projects\\Node projects\\URL Shortner\\url-shortner\\src\\handlers\\redirect-url.mts","statementMap":{"0":{"start":{"line":5,"column":12},"end":{"line":5,"column":31}},"1":{"start":{"line":6,"column":18},"end":{"line":6,"column":61}},"2":{"start":{"line":7,"column":18},"end":{"line":7,"column":40}},"3":{"start":{"line":8,"column":11},"end":{"line":8,"column":20}},"4":{"start":{"line":9,"column":23},"end":{"line":50,"column":1}},"5":{"start":{"line":12,"column":44},"end":{"line":12,"column":49}},"6":{"start":{"line":13,"column":4},"end":{"line":46,"column":1}},"7":{"start":{"line":14,"column":4},"end":{"line":45,"column":5}},"8":{"start":{"line":15,"column":24},"end":{"line":15,"column":47}},"9":{"start":{"line":16,"column":8},"end":{"line":21,"column":9}},"10":{"start":{"line":17,"column":12},"end":{"line":20,"column":14}},"11":{"start":{"line":22,"column":23},"end":{"line":26,"column":null}},"12":{"start":{"line":28,"column":8},"end":{"line":33,"column":9}},"13":{"start":{"line":29,"column":12},"end":{"line":32,"column":14}},"14":{"start":{"line":34,"column":8},"end":{"line":38,"column":12}},"15":{"start":{"line":41,"column":8},"end":{"line":44,"column":10}},"16":{"start":{"line":46,"column":2},"end":{"line":49,"column":4}}},"fnMap":{"0":{"name":"(anonymous_0)","decl":{"start":{"line":9,"column":23},"end":{"line":9,"column":28}},"loc":{"start":{"line":11,"column":36},"end":{"line":50,"column":1}}}},"branchMap":{"0":{"loc":{"start":{"line":13,"column":4},"end":{"line":46,"column":1}},"type":"if","locations":[{"start":{"line":13,"column":4},"end":{"line":46,"column":1}}]},"1":{"loc":{"start":{"line":16,"column":8},"end":{"line":21,"column":9}},"type":"if","locations":[{"start":{"line":16,"column":8},"end":{"line":21,"column":9}}]},"2":{"loc":{"start":{"line":28,"column":8},"end":{"line":33,"column":9}},"type":"if","locations":[{"start":{"line":28,"column":8},"end":{"line":33,"column":9}}]}},"s":{"0":1,"1":1,"2":1,"3":1,"4":1,"5":5,"6":5,"7":4,"8":4,"9":4,"10":1,"11":3,"12":2,"13":1,"14":1,"15":1,"16":1},"f":{"0":5},"b":{"0":[4],"1":[1],"2":[1]}}
,"D:\\Projects\\Node projects\\URL Shortner\\url-shortner\\src\\handlers\\short-url.mts": {"path":"D:\\Projects\\Node projects\\URL Shortner\\url-shortner\\src\\handlers\\short-url.mts","statementMap":{"0":{"start":{"line":5,"column":12},"end":{"line":5,"column":31}},"1":{"start":{"line":6,"column":18},"end":{"line":6,"column":61}},"2":{"start":{"line":7,"column":18},"end":{"line":7,"column":40}},"3":{"start":{"line":8,"column":11},"end":{"line":8,"column":20}},"4":{"start":{"line":9,"column":23},"end":{"line":44,"column":1}},"5":{"start":{"line":12,"column":39},"end":{"line":12,"column":44}},"6":{"start":{"line":13,"column":4},"end":{"line":39,"column":6}},"7":{"start":{"line":14,"column":28},"end":{"line":14,"column":52}},"8":{"start":{"line":15,"column":4},"end":{"line":39,"column":5}},"9":{"start":{"line":16,"column":8},"end":{"line":21,"column":9}},"10":{"start":{"line":17,"column":12},"end":{"line":20,"column":14}},"11":{"start":{"line":22,"column":8},"end":{"line":28,"column":12}},"12":{"start":{"line":29,"column":8},"end":{"line":32,"column":10}},"13":{"start":{"line":35,"column":8},"end":{"line":38,"column":10}},"14":{"start":{"line":40,"column":4},"end":{"line":43,"column":8}}},"fnMap":{"0":{"name":"(anonymous_0)","decl":{"start":{"line":9,"column":23},"end":{"line":9,"column":28}},"loc":{"start":{"line":11,"column":36},"end":{"line":44,"column":1}}}},"branchMap":{"0":{"loc":{"start":{"line":13,"column":4},"end":{"line":39,"column":6}},"type":"if","locations":[{"start":{"line":13,"column":4},"end":{"line":39,"column":6}}]},"1":{"loc":{"start":{"line":13,"column":8},"end":{"line":13,"column":52}},"type":"binary-expr","locations":[{"start":{"line":13,"column":8},"end":{"line":13,"column":29}},{"start":{"line":13,"column":33},"end":{"line":13,"column":52}}]},"2":{"loc":{"start":{"line":14,"column":39},"end":{"line":14,"column":51}},"type":"binary-expr","locations":[{"start":{"line":14,"column":39},"end":{"line":14,"column":43}},{"start":{"line":14,"column":47},"end":{"line":14,"column":51}}]},"3":{"loc":{"start":{"line":16,"column":8},"end":{"line":21,"column":9}},"type":"if","locations":[{"start":{"line":16,"column":8},"end":{"line":21,"column":9}}]}},"s":{"0":1,"1":1,"2":1,"3":1,"4":1,"5":4,"6":4,"7":3,"8":3,"9":3,"10":1,"11":2,"12":1,"13":1,"14":1},"f":{"0":4},"b":{"0":[3],"1":[4,4],"2":[3,1],"3":[1]}}
}
