TN:
SF:.aws-sam\build\ShortenUrlFunction\src\handlers\short-url.mts
FN:8,(anonymous_0)
FNF:1
FNH:1
FNDA:7,(anonymous_0)
DA:5,2
DA:6,2
DA:7,2
DA:8,2
DA:11,7
DA:12,7
DA:13,7
DA:14,3
DA:15,3
DA:16,1
DA:21,2
DA:22,2
DA:29,1
DA:34,2
DA:39,4
DA:40,4
DA:41,4
DA:42,1
DA:47,3
DA:48,3
DA:54,2
DA:55,1
DA:60,1
DA:66,1
DA:72,0
LF:25
LH:24
BRDA:13,0,0,3
BRDA:13,1,0,7
BRDA:13,1,1,3
BRDA:14,2,0,3
BRDA:14,2,1,1
BRDA:15,3,0,1
BRDA:39,4,0,4
BRDA:41,5,0,1
BRDA:54,6,0,1
BRF:9
BRH:9
end_of_record
TN:
SF:src\handlers\redirect-url.mts
FN:9,(anonymous_0)
FNF:1
FNH:1
FNDA:5,(anonymous_0)
DA:5,1
DA:6,1
DA:7,1
DA:8,1
DA:9,1
DA:12,5
DA:13,5
DA:14,4
DA:15,4
DA:16,4
DA:17,1
DA:22,3
DA:28,2
DA:29,1
DA:34,1
DA:41,1
DA:46,1
LF:17
LH:17
BRDA:13,0,0,4
BRDA:16,1,0,1
BRDA:28,2,0,1
BRF:3
BRH:3
end_of_record
TN:
SF:src\handlers\short-url.mts
FN:9,(anonymous_0)
FNF:1
FNH:1
FNDA:4,(anonymous_0)
DA:5,1
DA:6,1
DA:7,1
DA:8,1
DA:9,1
DA:12,4
DA:13,4
DA:14,3
DA:15,3
DA:16,3
DA:17,1
DA:22,2
DA:29,1
DA:35,1
DA:40,1
LF:15
LH:15
BRDA:13,0,0,3
BRDA:13,1,0,4
BRDA:13,1,1,4
BRDA:14,2,0,3
BRDA:14,2,1,1
BRDA:16,3,0,1
BRF:6
BRH:6
end_of_record
